
7. Printing statistics.

=== alu ===

   Number of wires:                330
   Number of wire bits:            357
   Number of public wires:           8
   Number of public wire bits:      35
   Number of memories:               0
   Number of memory bits:            0
   Number of processes:              0
   Number of cells:                333
     sky130_fd_sc_hd__a21oi_1       16
     sky130_fd_sc_hd__a221o_1        2
     sky130_fd_sc_hd__a221oi_1       2
     sky130_fd_sc_hd__a22o_1         4
     sky130_fd_sc_hd__a22oi_1        5
     sky130_fd_sc_hd__a31o_1         1
     sky130_fd_sc_hd__a31oi_1        1
     sky130_fd_sc_hd__a32o_1         2
     sky130_fd_sc_hd__a32oi_1        2
     sky130_fd_sc_hd__and2_0        11
     sky130_fd_sc_hd__and3_1         3
     sky130_fd_sc_hd__and4_1         2
     sky130_fd_sc_hd__clkinv_1       8
     sky130_fd_sc_hd__dfrtp_1       11
     sky130_fd_sc_hd__lpflow_inputiso1p_1      2
     sky130_fd_sc_hd__lpflow_isobufsrc_1     10
     sky130_fd_sc_hd__maj3_1        19
     sky130_fd_sc_hd__mux2_1         4
     sky130_fd_sc_hd__mux2i_1        4
     sky130_fd_sc_hd__nand2_1       48
     sky130_fd_sc_hd__nand2b_1      10
     sky130_fd_sc_hd__nand3_1        7
     sky130_fd_sc_hd__nand3b_1       1
     sky130_fd_sc_hd__nand4_1        4
     sky130_fd_sc_hd__nand4b_1       1
     sky130_fd_sc_hd__nor2_1        35
     sky130_fd_sc_hd__nor2b_1        1
     sky130_fd_sc_hd__nor3_1         8
     sky130_fd_sc_hd__nor3b_1        1
     sky130_fd_sc_hd__nor4_1         3
     sky130_fd_sc_hd__nor4b_1        1
     sky130_fd_sc_hd__o211ai_1       2
     sky130_fd_sc_hd__o21a_1         2
     sky130_fd_sc_hd__o21ai_0       13
     sky130_fd_sc_hd__o21bai_1       1
     sky130_fd_sc_hd__o221ai_1       2
     sky130_fd_sc_hd__o22ai_1        7
     sky130_fd_sc_hd__o311a_1        2
     sky130_fd_sc_hd__o311ai_0       1
     sky130_fd_sc_hd__o31a_1         1
     sky130_fd_sc_hd__o31ai_1        1
     sky130_fd_sc_hd__o32ai_1        1
     sky130_fd_sc_hd__o41ai_1        1
     sky130_fd_sc_hd__or3_1          2
     sky130_fd_sc_hd__or4_1          1
     sky130_fd_sc_hd__or4b_1         1
     sky130_fd_sc_hd__xnor2_1       27
     sky130_fd_sc_hd__xnor3_1        3
     sky130_fd_sc_hd__xor2_1        31
     sky130_fd_sc_hd__xor3_1         5

   Chip area for module '\alu': 2486.134400

